<?xml version="1.0" encoding="UTF-8"?>
<testsuite xmlns:xsi="http://www.w3.org/2001/XMLSchema-instance" xsi:noNamespaceSchemaLocation="https://maven.apache.org/surefire/maven-surefire-plugin/xsd/surefire-test-report.xsd" version="3.0.2" name="net.caimito.tokenweaver.AccountServiceTests" time="13.044" tests="10" errors="0" skipped="0" failures="0">
  <properties>
[...]
</properties>
  <testcase name="verifyEmail" classname="net.caimito.tokenweaver.AccountServiceTests" time="0.899">
    <system-out><![CDATA[09:25:20.594 [main] INFO org.springframework.test.context.support.AnnotationConfigContextLoaderUtils -- Could not detect default configuration classes for test class [net.caimito.tokenweaver.AccountServiceTests]: AccountServiceTests does not declare any static, non-private, non-final, nested classes annotated with @Configuration.
09:25:20.651 [main] INFO org.testcontainers.images.PullPolicy -- Image pull policy will be performed by: DefaultPullPolicy()
09:25:20.653 [main] INFO org.testcontainers.utility.ImageNameSubstitutor -- Image name substitution will be performed by: DefaultImageNameSubstitutor (composite of 'ConfigurationFileImageNameSubstitutor' and 'PrefixingImageNameSubstitutor')
09:25:20.681 [main] INFO org.testcontainers.DockerClientFactory -- Testcontainers version: 1.20.4
09:25:21.209 [main] INFO org.testcontainers.dockerclient.DockerClientProviderStrategy -- Found Docker environment with local Unix socket (unix:///var/run/docker.sock)
09:25:21.217 [main] INFO org.testcontainers.DockerClientFactory -- Docker host IP address is localhost
09:25:21.232 [main] INFO org.testcontainers.DockerClientFactory -- Connected to docker: 
  Server Version: 26.1.3
  API Version: 1.45
  Operating System: Ubuntu 24.04.1 LTS
  Total Memory: 15990 MB
09:25:21.254 [main] INFO tc.testcontainers/ryuk:0.11.0 -- Pulling docker image: testcontainers/ryuk:0.11.0. Please be patient; this may take some time but only needs to be done once.
09:25:21.581 [docker-java-stream--1295187651] INFO tc.testcontainers/ryuk:0.11.0 -- Starting to pull image
09:25:21.595 [docker-java-stream--1295187651] INFO tc.testcontainers/ryuk:0.11.0 -- Pulling image layers:  0 pending,  0 downloaded,  0 extracted, (0 bytes/0 bytes)
09:25:21.748 [docker-java-stream--1295187651] INFO tc.testcontainers/ryuk:0.11.0 -- Pulling image layers:  2 pending,  1 downloaded,  0 extracted, (879 KB/? MB)
09:25:21.771 [docker-java-stream--1295187651] INFO tc.testcontainers/ryuk:0.11.0 -- Pulling image layers:  1 pending,  2 downloaded,  0 extracted, (879 KB/? MB)
09:25:21.787 [docker-java-stream--1295187651] INFO tc.testcontainers/ryuk:0.11.0 -- Pulling image layers:  0 pending,  3 downloaded,  0 extracted, (906 KB/10 MB)
09:25:21.873 [docker-java-stream--1295187651] INFO tc.testcontainers/ryuk:0.11.0 -- Pulling image layers:  0 pending,  3 downloaded,  1 extracted, (4 MB/10 MB)
09:25:22.121 [docker-java-stream--1295187651] INFO tc.testcontainers/ryuk:0.11.0 -- Pulling image layers:  0 pending,  3 downloaded,  2 extracted, (4 MB/10 MB)
09:25:22.167 [docker-java-stream--1295187651] INFO tc.testcontainers/ryuk:0.11.0 -- Pulling image layers:  0 pending,  3 downloaded,  3 extracted, (10 MB/10 MB)
09:25:22.172 [main] INFO tc.testcontainers/ryuk:0.11.0 -- Image testcontainers/ryuk:0.11.0 pull took PT0.917766713S
09:25:22.196 [main] INFO tc.testcontainers/ryuk:0.11.0 -- Creating container for image: testcontainers/ryuk:0.11.0
09:25:22.261 [main] INFO tc.testcontainers/ryuk:0.11.0 -- Container testcontainers/ryuk:0.11.0 is starting: b17e95a999195546122f49f2f0337f370bd5eeae8d6971cd7fe5ae492876e677
09:25:22.568 [main] INFO tc.testcontainers/ryuk:0.11.0 -- Container testcontainers/ryuk:0.11.0 started in PT0.371684554S
09:25:22.576 [main] INFO org.testcontainers.utility.RyukResourceReaper -- Ryuk started - will monitor and terminate Testcontainers containers on JVM exit
09:25:22.576 [main] INFO org.testcontainers.DockerClientFactory -- Checking the system...
09:25:22.577 [main] INFO org.testcontainers.DockerClientFactory -- ✔︎ Docker server version should be at least 1.6.0
09:25:22.579 [main] INFO tc.mongo:7.0 -- Pulling docker image: mongo:7.0. Please be patient; this may take some time but only needs to be done once.
09:25:22.813 [docker-java-stream-59198530] INFO tc.mongo:7.0 -- Starting to pull image
09:25:22.815 [docker-java-stream-59198530] INFO tc.mongo:7.0 -- Pulling image layers:  0 pending,  0 downloaded,  0 extracted, (0 bytes/0 bytes)
09:25:22.957 [docker-java-stream-59198530] INFO tc.mongo:7.0 -- Pulling image layers:  7 pending,  1 downloaded,  0 extracted, (1 KB/? MB)
09:25:22.998 [docker-java-stream-59198530] INFO tc.mongo:7.0 -- Pulling image layers:  6 pending,  2 downloaded,  0 extracted, (308 KB/? MB)
09:25:23.073 [docker-java-stream-59198530] INFO tc.mongo:7.0 -- Pulling image layers:  5 pending,  3 downloaded,  0 extracted, (319 KB/? MB)
09:25:23.075 [docker-java-stream-59198530] INFO tc.mongo:7.0 -- Pulling image layers:  4 pending,  4 downloaded,  0 extracted, (319 KB/? MB)
09:25:23.111 [docker-java-stream-59198530] INFO tc.mongo:7.0 -- Pulling image layers:  3 pending,  5 downloaded,  0 extracted, (24 MB/? MB)
09:25:23.160 [docker-java-stream-59198530] INFO tc.mongo:7.0 -- Pulling image layers:  2 pending,  6 downloaded,  0 extracted, (24 MB/? MB)
09:25:23.186 [docker-java-stream-59198530] INFO tc.mongo:7.0 -- Pulling image layers:  1 pending,  7 downloaded,  0 extracted, (25 MB/? MB)
09:25:24.070 [docker-java-stream-59198530] INFO tc.mongo:7.0 -- Pulling image layers:  0 pending,  8 downloaded,  0 extracted, (214 MB/246 MB)
09:25:24.226 [docker-java-stream-59198530] INFO tc.mongo:7.0 -- Pulling image layers:  0 pending,  8 downloaded,  1 extracted, (215 MB/246 MB)
09:25:24.809 [docker-java-stream-59198530] INFO tc.mongo:7.0 -- Pulling image layers:  0 pending,  8 downloaded,  2 extracted, (215 MB/246 MB)
09:25:24.936 [docker-java-stream-59198530] INFO tc.mongo:7.0 -- Pulling image layers:  0 pending,  8 downloaded,  3 extracted, (216 MB/246 MB)
09:25:24.971 [docker-java-stream-59198530] INFO tc.mongo:7.0 -- Pulling image layers:  0 pending,  8 downloaded,  4 extracted, (217 MB/246 MB)
09:25:24.979 [docker-java-stream-59198530] INFO tc.mongo:7.0 -- Pulling image layers:  0 pending,  8 downloaded,  5 extracted, (217 MB/246 MB)
09:25:24.987 [docker-java-stream-59198530] INFO tc.mongo:7.0 -- Pulling image layers:  0 pending,  8 downloaded,  6 extracted, (217 MB/246 MB)
09:25:29.614 [docker-java-stream-59198530] INFO tc.mongo:7.0 -- Pulling image layers:  0 pending,  8 downloaded,  7 extracted, (246 MB/246 MB)
09:25:29.625 [docker-java-stream-59198530] INFO tc.mongo:7.0 -- Pulling image layers:  0 pending,  8 downloaded,  8 extracted, (246 MB/246 MB)
09:25:29.630 [main] INFO tc.mongo:7.0 -- Image mongo:7.0 pull took PT7.050944873S
09:25:29.630 [docker-java-stream-59198530] INFO tc.mongo:7.0 -- Pull complete. 8 layers, pulled in 6s (downloaded 246 MB at 41 MB/s)
09:25:29.736 [main] INFO org.springframework.boot.test.context.SpringBootTestContextBootstrapper -- Found @SpringBootConfiguration net.caimito.tokenweaver.TokenWeaverApplication for test class net.caimito.tokenweaver.AccountServiceTests

  .   ____          _            __ _ _
 /\\ / ___'_ __ _ _(_)_ __  __ _ \ \ \ \
( ( )\___ | '_ | '_| | '_ \/ _` | \ \ \ \
 \\/  ___)| |_)| | | | | || (_| |  ) ) ) )
  '  |____| .__|_| |_|_| |_\__, | / / / /
 =========|_|==============|___/=/_/_/_/

 :: Spring Boot ::                (v3.4.1)

2024-12-24T09:25:30.119Z  INFO 1933 --- [Token Weaver] [           main] n.c.tokenweaver.AccountServiceTests      : Starting AccountServiceTests using Java 17.0.13 with PID 1933 (started by runner in /home/runner/work/token-weaver/token-weaver)
2024-12-24T09:25:30.120Z  INFO 1933 --- [Token Weaver] [           main] n.c.tokenweaver.AccountServiceTests      : No active profile set, falling back to 1 default profile: "default"
2024-12-24T09:25:30.460Z  INFO 1933 --- [Token Weaver] [           main] .s.d.r.c.RepositoryConfigurationDelegate : Bootstrapping Spring Data MongoDB repositories in DEFAULT mode.
2024-12-24T09:25:30.498Z  INFO 1933 --- [Token Weaver] [           main] .s.d.r.c.RepositoryConfigurationDelegate : Finished Spring Data repository scanning in 33 ms. Found 1 MongoDB repository interface.
2024-12-24T09:25:30.683Z  INFO 1933 --- [Token Weaver] [           main] tc.mongo:7.0                             : Creating container for image: mongo:7.0
2024-12-24T09:25:30.703Z  INFO 1933 --- [Token Weaver] [           main] tc.mongo:7.0                             : Container mongo:7.0 is starting: bca20981bc331d6bf00916fc3f6bd6f716e5ea53e4eb4b97c9b9dcf31b4f9b70
2024-12-24T09:25:31.123Z  INFO 1933 --- [Token Weaver] [           main] tc.mongo:7.0                             : Container mongo:7.0 started in PT0.439399349S
2024-12-24T09:25:32.018Z  INFO 1933 --- [Token Weaver] [           main] org.mongodb.driver.client                : MongoClient with metadata {"driver": {"name": "mongo-java-driver|sync|spring-boot", "version": "5.2.1"}, "os": {"type": "Linux", "name": "Linux", "architecture": "amd64", "version": "6.8.0-1017-azure"}, "platform": "Java/Eclipse Adoptium/17.0.13+11"} created with settings MongoClientSettings{readPreference=primary, writeConcern=WriteConcern{w=null, wTimeout=null ms, journal=null}, retryWrites=true, retryReads=true, readConcern=ReadConcern{level=null}, credential=null, transportSettings=null, commandListeners=[], codecRegistry=ProvidersCodecRegistry{codecProviders=[ValueCodecProvider{}, BsonValueCodecProvider{}, DBRefCodecProvider{}, DBObjectCodecProvider{}, DocumentCodecProvider{}, CollectionCodecProvider{}, IterableCodecProvider{}, MapCodecProvider{}, GeoJsonCodecProvider{}, GridFSFileCodecProvider{}, Jsr310CodecProvider{}, JsonObjectCodecProvider{}, BsonCodecProvider{}, EnumCodecProvider{}, com.mongodb.client.model.mql.ExpressionCodecProvider@5c448ef, com.mongodb.Jep395RecordCodecProvider@703e8050, com.mongodb.KotlinCodecProvider@49c1e294]}, loggerSettings=LoggerSettings{maxDocumentLength=1000}, clusterSettings={hosts=[localhost:32769], srvServiceName=mongodb, mode=SINGLE, requiredClusterType=UNKNOWN, requiredReplicaSetName='null', serverSelector='null', clusterListeners='[]', serverSelectionTimeout='30000 ms', localThreshold='15 ms'}, socketSettings=SocketSettings{connectTimeoutMS=10000, readTimeoutMS=0, receiveBufferSize=0, proxySettings=ProxySettings{host=null, port=null, username=null, password=null}}, heartbeatSocketSettings=SocketSettings{connectTimeoutMS=10000, readTimeoutMS=10000, receiveBufferSize=0, proxySettings=ProxySettings{host=null, port=null, username=null, password=null}}, connectionPoolSettings=ConnectionPoolSettings{maxSize=100, minSize=0, maxWaitTimeMS=120000, maxConnectionLifeTimeMS=0, maxConnectionIdleTimeMS=0, maintenanceInitialDelayMS=0, maintenanceFrequencyMS=60000, connectionPoolListeners=[], maxConnecting=2}, serverSettings=ServerSettings{heartbeatFrequencyMS=10000, minHeartbeatFrequencyMS=500, serverMonitoringMode=AUTO, serverListeners='[]', serverMonitorListeners='[]'}, sslSettings=SslSettings{enabled=false, invalidHostNameAllowed=false, context=null}, applicationName='null', compressorList=[], uuidRepresentation=JAVA_LEGACY, serverApi=null, autoEncryptionSettings=null, dnsClient=null, inetAddressResolver=null, contextProvider=null, timeoutMS=null}
2024-12-24T09:25:32.030Z  INFO 1933 --- [Token Weaver] [localhost:32769] org.mongodb.driver.cluster               : Monitor thread successfully connected to server with description ServerDescription{address=localhost:32769, type=REPLICA_SET_PRIMARY, cryptd=false, state=CONNECTED, ok=true, minWireVersion=0, maxWireVersion=21, maxDocumentSize=16777216, logicalSessionTimeoutMinutes=30, roundTripTimeNanos=17559366, minRoundTripTimeNanos=0, setName='docker-rs', canonicalAddress=bca20981bc33:27017, hosts=[bca20981bc33:27017], passives=[], arbiters=[], primary='bca20981bc33:27017', tagSet=TagSet{[]}, electionId=7fffffff0000000000000001, setVersion=1, topologyVersion=TopologyVersion{processId=676a7e0adbcffb59c0b0b6b7, counter=6}, lastWriteDate=Tue Dec 24 09:25:31 UTC 2024, lastUpdateTimeNanos=117920822678}
2024-12-24T09:25:32.414Z  INFO 1933 --- [Token Weaver] [           main] n.c.tokenweaver.AccountServiceTests      : Started AccountServiceTests in 2.582 seconds (process running for 12.541)
]]></system-out>
  </testcase>
  <testcase name="deliverMagicId" classname="net.caimito.tokenweaver.AccountServiceTests" time="0.019"/>
  <testcase name="expiredMagicIdVerifyEmail" classname="net.caimito.tokenweaver.AccountServiceTests" time="0.017"/>
  <testcase name="findAccount" classname="net.caimito.tokenweaver.AccountServiceTests" time="0.013"/>
  <testcase name="lockedAccountCannotCreateJWT" classname="net.caimito.tokenweaver.AccountServiceTests" time="0.011"/>
  <testcase name="verifyEmailAndReceiveAccessToken" classname="net.caimito.tokenweaver.AccountServiceTests" time="0.033"/>
  <testcase name="createJWT" classname="net.caimito.tokenweaver.AccountServiceTests" time="0.019"/>
  <testcase name="emailAlreadyExists" classname="net.caimito.tokenweaver.AccountServiceTests" time="0.012"/>
  <testcase name="createTimeLockedAccount" classname="net.caimito.tokenweaver.AccountServiceTests" time="0.023"/>
  <testcase name="unknownAccount" classname="net.caimito.tokenweaver.AccountServiceTests" time="0.01"/>
</testsuite>